Arguments: 
  /Users/bartek/.fnm/node-versions/v16.15.1/installation/bin/node /Users/bartek/.yarn/bin/yarn.js

PATH: 
  /var/folders/qd/cgrplpfs2l7gg5btlx60qn280000gn/T/fnm_multishells/88075_1660724518430/bin:/usr/local/opt/node@14/bin:/Users/bartek/.nix-profile/bin:/Users/bartek/.yarn/bin:/Users/bartek/.config/yarn/global/node_modules/.bin:/Users/bartek/.pyenv/plugins/pyenv-virtualenv/shims:/Users/bartek/.pyenv/shims:/Users/bartek/bin:/usr/local/bin:/Users/bartek/.pyenv/bin:/usr/local/bin:/usr/bin:/bin:/usr/sbin:/sbin:/Users/bartek/.local/bin:/Users/bartek/.local/bin

Yarn version: 
  1.22.5

Node version: 
  16.15.1

Platform: 
  darwin x64

Trace: 
  SyntaxError: /Users/bartek/Projects/MakerDAO/xdomain/packages/zksync-dai-bridge/package.json: Unexpected token } in JSON at position 673
      at JSON.parse (<anonymous>)
      at /Users/bartek/.yarn/lib/cli.js:1625:59
      at Generator.next (<anonymous>)
      at step (/Users/bartek/.yarn/lib/cli.js:310:30)
      at /Users/bartek/.yarn/lib/cli.js:321:13

npm manifest: 
  {
    "name": "bridge-playground",
    "private": "true",
    "version": "1.0.0",
    "license": "MIT",
    "scripts": {
      "build": "hardhat compile",
      "clean": "hardhat clean && rm -rf artifacts cache crytic-export corpus",
      "coverage": "hardhat coverage && istanbul check-coverage --branches 95 --lines 99",
      "format": "prettier --check \"./**/*.{ts,sol}\"",
      "format:fix": "prettier --write \"./**/*.{ts,sol}\"",
      "lint": "eslint --ext .ts test test-e2e scripts hardhat.config.ts",
      "lint:fix": "yarn lint --fix",
      "typecheck": "tsc --noEmit",
      "test": "hardhat test",
      "test:fix": "yarn lint:fix && yarn format:fix && yarn test && yarn typecheck",
    },
    "dependencies": {
      "@matterlabs/zksync-contracts": "^0.2.4"
    },
    "resolutions": {
      "source-map-support": "0.5.19"
    },
    "devDependencies": {
      "istanbul": "^0.4.5",
      "prettier-plugin-solidity": "^1.0.0-beta.18",
      "solidity-coverage": "^0.7.17",
      "@codechecks/client": "0.1.10-beta",
      "@makerdao/hardhat-utils": "^0.1.1",
      "@nomiclabs/ethereumjs-vm": "^4.2.2",
      "@nomiclabs/hardhat-ethers": "^2.0.2",
      "@nomiclabs/hardhat-etherscan": "^2.1.2",
      "@nomiclabs/hardhat-waffle": "=2.0.1",
      "@nomiclabs/hardhat-web3": "^2.0.0",
      "@openzeppelin/contracts": "^3.4.0",
      "@openzeppelin/test-helpers": "^0.5.10",
      "@typechain/ethers-v5": "^10.0.0",
      "@typechain/hardhat": "6.0.0",
      "@types/chai": "^4.2.12",
      "@types/lodash": "^4.14.170",
      "@types/mocha": "^8.0.3",
      "@types/node": "^14.6.0",
      "@types/utf8": "^2.1.6",
      "@typescript-eslint/eslint-plugin": "^4.9.0",
      "@typescript-eslint/parser": "^4.9.0",
      "chai": "^4.2.0",
      "chai-as-promised": "^7.1.1",
      "dotenv": "^9.0.2",
      "earljs": "^0.1.10",
      "eslint": "^7.15.0",
      "eslint-config-typestrict": "^1.0.1",
      "eslint-plugin-no-only-tests": "^2.4.0",
      "eslint-plugin-simple-import-sort": "^6.0.1",
      "eslint-plugin-sonarjs": "^0.5.0",
      "eslint-plugin-unused-imports": "^1.0.1",
      "eth-permit": "^0.1.9",
      "ethereum-waffle": "^3.0.0",
      "ethers": "^5.1.3",
      "hardhat": "^2.9.3",
      "hardhat-gas-reporter": "^1.0.8",
      "lodash": "^4.17.21",
      "mocha": "^8.1.1",
      "prettier": "^2.4.1",
      "ts-essentials": "^7.0.1",
      "ts-node": "^9.0.0",
      "typechain": "6.0.3",
      "typescript": "^4.0.2",
      "utf8": "^3.0.0",
      "web3": "^1.3.4"
    }
  }

yarn manifest: 
  No manifest

Lockfile: 
  No lockfile
